<?xml version="1.0" encoding="UTF-8" ?>
<testsuite errors="0" failures="0" hostname="hiro-kun" name="projectg.QuoteServiceIntegrationTests" tests="1" time="0.377" timestamp="2012-02-18T15:12:52">
  <properties />
  <testcase classname="projectg.QuoteServiceIntegrationTests" name="testStaticQuote" time="0.374" />
  <system-out><![CDATA[--Output from testStaticQuote--
]]></system-out>
  <system-err><![CDATA[--Output from testStaticQuote--
]]></system-err>
</testsuite>
