<?xml version="1.0" encoding="UTF-8" ?>
<testsuite errors="1" failures="0" hostname="hiro-kun" name="projectg.QuoteControllerTests" tests="1" time="5.597" timestamp="2012-02-18T11:20:45">
  <properties />
  <testcase classname="projectg.QuoteControllerTests" name="testSomething" time="4.908">
    <error message="No signature of method: projectg.QuoteControllerTests.success() is applicable for argument types: (java.lang.String) values: [Implement me]" type="groovy.lang.MissingMethodException">groovy.lang.MissingMethodException: No signature of method: projectg.QuoteControllerTests.success() is applicable for argument types: (java.lang.String) values: [Implement me]
	at projectg.QuoteControllerTests.testSomething(QuoteControllerTests.groovy:15)
</error>
  </testcase>
  <system-out><![CDATA[--Output from testSomething--
]]></system-out>
  <system-err><![CDATA[--Output from testSomething--
]]></system-err>
</testsuite>
