<?xml version="1.0" encoding="UTF-8" ?>
<testsuite errors="0" failures="0" hostname="hiro-kun" name="projectg.QuoteServiceTests" tests="1" time="0.09" timestamp="2012-02-18T15:12:31">
  <properties />
  <testcase classname="projectg.QuoteServiceTests" name="testSomething" time="0.085" />
  <system-out><![CDATA[--Output from testSomething--
]]></system-out>
  <system-err><![CDATA[--Output from testSomething--
]]></system-err>
</testsuite>
