<?xml version="1.0" encoding="UTF-8" ?>
<testsuite errors="0" failures="0" hostname="hiro-kun" name="projectg.QuoteControllerTests" tests="1" time="4.206" timestamp="2012-02-18T15:12:26">
  <properties />
  <testcase classname="projectg.QuoteControllerTests" name="testSomething" time="3.758" />
  <system-out><![CDATA[--Output from testSomething--
]]></system-out>
  <system-err><![CDATA[--Output from testSomething--
]]></system-err>
</testsuite>
