<?xml version="1.0" encoding="UTF-8" ?>
<testsuite errors="0" failures="0" hostname="hiro-kun" name="projectg.QuoteTests" tests="1" time="0.785" timestamp="2012-02-18T15:12:30">
  <properties />
  <testcase classname="projectg.QuoteTests" name="testSomething" time="0.693" />
  <system-out><![CDATA[--Output from testSomething--
]]></system-out>
  <system-err><![CDATA[--Output from testSomething--
]]></system-err>
</testsuite>
